build/app/intermediates/manifest_merge_blame_file/release/manifest-merger-blame-release-report.txt
1<?xml version="1.0" encoding="utf-8"?>
2<manifest xmlns:android="http://schemas.android.com/apk/res/android"
3    package="com.example.my_library"
4    android:versionCode="1"
5    android:versionName="1.0.0" >
6
7    <uses-sdk
8        android:minSdkVersion="21"
8-->src\main\AndroidManifest.xml
9        android:targetSdkVersion="31" />
9-->src\main\AndroidManifest.xml
10
11    <uses-permission android:name="android.permission.CAMERA" />
11-->[:flutter_barcode_scanner] AndroidManifest.xml:9:5-65
11-->[:flutter_barcode_scanner] AndroidManifest.xml:9:22-62
12
13    <uses-feature android:name="android.hardware.camera" />
13-->[:flutter_barcode_scanner] AndroidManifest.xml:11:5-60
13-->[:flutter_barcode_scanner] AndroidManifest.xml:11:19-57
14
15    <uses-permission android:name="android.permission.FLASHLIGHT" />
15-->[:flutter_barcode_scanner] AndroidManifest.xml:13:5-69
15-->[:flutter_barcode_scanner] AndroidManifest.xml:13:22-66
16    <uses-permission android:name="android.permission.INTERNET" />
16-->[com.google.firebase:firebase-auth:21.0.3] AndroidManifest.xml:23:5-67
16-->[com.google.firebase:firebase-auth:21.0.3] AndroidManifest.xml:23:22-64
17    <uses-permission android:name="android.permission.ACCESS_NETWORK_STATE" />
17-->[com.google.firebase:firebase-auth:21.0.3] AndroidManifest.xml:24:5-79
17-->[com.google.firebase:firebase-auth:21.0.3] AndroidManifest.xml:24:22-76
18
19    <application
20        android:name="android.app.Application"
20-->src\main\AndroidManifest.xml:5:9-42
21        android:appComponentFactory="androidx.core.app.CoreComponentFactory"
21-->[androidx.core:core:1.6.0] AndroidManifest.xml:24:18-86
22        android:icon="@mipmap/ic_launcher"
22-->src\main\AndroidManifest.xml:6:9-43
23        android:label="my_library"
23-->src\main\AndroidManifest.xml:4:9-35
24        android:largeHeap="true"
24-->[:flutter_barcode_scanner] AndroidManifest.xml:16:9-33
25        android:theme="@style/Theme.AppCompat.NoActionBar" >
25-->[:flutter_barcode_scanner] AndroidManifest.xml:17:9-59
26        <activity
26-->src\main\AndroidManifest.xml:7:9-27:20
27            android:name="com.example.my_library.MainActivity"
27-->src\main\AndroidManifest.xml:8:13-41
28            android:configChanges="orientation|keyboardHidden|keyboard|screenSize|smallestScreenSize|locale|layoutDirection|fontScale|screenLayout|density|uiMode"
28-->src\main\AndroidManifest.xml:12:13-163
29            android:exported="true"
29-->src\main\AndroidManifest.xml:9:13-36
30            android:hardwareAccelerated="true"
30-->src\main\AndroidManifest.xml:13:13-47
31            android:launchMode="singleTop"
31-->src\main\AndroidManifest.xml:10:13-43
32            android:theme="@style/LaunchTheme"
32-->src\main\AndroidManifest.xml:11:13-47
33            android:windowSoftInputMode="adjustResize" >
33-->src\main\AndroidManifest.xml:14:13-55
34
35            <!--
36                 Specifies an Android theme to apply to this Activity as soon as
37                 the Android process has started. This theme is visible to the user
38                 while the Flutter UI initializes. After that, this theme continues
39                 to determine the Window background behind the Flutter UI.
40            -->
41            <meta-data
41-->src\main\AndroidManifest.xml:19:13-22:17
42                android:name="io.flutter.embedding.android.NormalTheme"
42-->src\main\AndroidManifest.xml:20:15-70
43                android:resource="@style/NormalTheme" />
43-->src\main\AndroidManifest.xml:21:15-52
44
45            <intent-filter>
45-->src\main\AndroidManifest.xml:23:13-26:29
46                <action android:name="android.intent.action.MAIN" />
46-->src\main\AndroidManifest.xml:24:17-68
46-->src\main\AndroidManifest.xml:24:25-66
47
48                <category android:name="android.intent.category.LAUNCHER" />
48-->src\main\AndroidManifest.xml:25:17-76
48-->src\main\AndroidManifest.xml:25:27-74
49            </intent-filter>
50        </activity>
51        <!--
52             Don't delete the meta-data below.
53             This is used by the Flutter tool to generate GeneratedPluginRegistrant.java
54        -->
55        <meta-data
55-->src\main\AndroidManifest.xml:30:9-32:33
56            android:name="flutterEmbedding"
56-->src\main\AndroidManifest.xml:31:13-44
57            android:value="2" />
57-->src\main\AndroidManifest.xml:32:13-30
58
59        <activity android:name="com.amolg.flutterbarcodescanner.BarcodeCaptureActivity" />
59-->[:flutter_barcode_scanner] AndroidManifest.xml:18:9-91
59-->[:flutter_barcode_scanner] AndroidManifest.xml:18:19-88
60        <activity
60-->[:url_launcher_android] AndroidManifest.xml:8:9-11:74
61            android:name="io.flutter.plugins.urllauncher.WebViewActivity"
61-->[:url_launcher_android] AndroidManifest.xml:9:13-74
62            android:exported="false"
62-->[:url_launcher_android] AndroidManifest.xml:10:13-37
63            android:theme="@android:style/Theme.NoTitleBar.Fullscreen" />
63-->[:url_launcher_android] AndroidManifest.xml:11:13-71
64
65        <service
65-->[:cloud_firestore] AndroidManifest.xml:8:9-12:19
66            android:name="com.google.firebase.components.ComponentDiscoveryService"
66-->[:cloud_firestore] AndroidManifest.xml:8:18-89
67            android:directBootAware="true"
67-->[com.google.firebase:firebase-common:20.1.1] AndroidManifest.xml:35:13-43
68            android:exported="false" >
68-->[com.google.firebase:firebase-auth:21.0.3] AndroidManifest.xml:66:13-37
69            <meta-data
69-->[:cloud_firestore] AndroidManifest.xml:9:13-11:85
70                android:name="com.google.firebase.components:io.flutter.plugins.firebase.firestore.FlutterFirebaseFirestoreRegistrar"
70-->[:cloud_firestore] AndroidManifest.xml:10:17-134
71                android:value="com.google.firebase.components.ComponentRegistrar" />
71-->[:cloud_firestore] AndroidManifest.xml:11:17-82
72            <meta-data
72-->[:firebase_auth] AndroidManifest.xml:9:13-11:85
73                android:name="com.google.firebase.components:io.flutter.plugins.firebase.auth.FlutterFirebaseAuthRegistrar"
73-->[:firebase_auth] AndroidManifest.xml:10:17-124
74                android:value="com.google.firebase.components.ComponentRegistrar" />
74-->[:firebase_auth] AndroidManifest.xml:11:17-82
75            <meta-data
75-->[:firebase_core] AndroidManifest.xml:9:13-11:85
76                android:name="com.google.firebase.components:io.flutter.plugins.firebase.core.FlutterFirebaseCoreRegistrar"
76-->[:firebase_core] AndroidManifest.xml:10:17-124
77                android:value="com.google.firebase.components.ComponentRegistrar" />
77-->[:firebase_core] AndroidManifest.xml:11:17-82
78            <meta-data
78-->[com.google.firebase:firebase-auth:21.0.3] AndroidManifest.xml:67:13-69:85
79                android:name="com.google.firebase.components:com.google.firebase.auth.FirebaseAuthRegistrar"
79-->[com.google.firebase:firebase-auth:21.0.3] AndroidManifest.xml:68:17-109
80                android:value="com.google.firebase.components.ComponentRegistrar" />
80-->[com.google.firebase:firebase-auth:21.0.3] AndroidManifest.xml:69:17-82
81            <meta-data
81-->[com.google.firebase:firebase-firestore:24.1.2] AndroidManifest.xml:20:13-22:85
82                android:name="com.google.firebase.components:com.google.firebase.firestore.FirestoreRegistrar"
82-->[com.google.firebase:firebase-firestore:24.1.2] AndroidManifest.xml:21:17-111
83                android:value="com.google.firebase.components.ComponentRegistrar" />
83-->[com.google.firebase:firebase-firestore:24.1.2] AndroidManifest.xml:22:17-82
84        </service>
85
86        <provider
86-->[:share] AndroidManifest.xml:8:9-16:20
87            android:name="io.flutter.plugins.share.ShareFileProvider"
87-->[:share] AndroidManifest.xml:9:13-70
88            android:authorities="com.example.my_library.flutter.share_provider"
88-->[:share] AndroidManifest.xml:10:13-74
89            android:exported="false"
89-->[:share] AndroidManifest.xml:11:13-37
90            android:grantUriPermissions="true" >
90-->[:share] AndroidManifest.xml:12:13-47
91            <meta-data
91-->[:share] AndroidManifest.xml:13:13-15:68
92                android:name="android.support.FILE_PROVIDER_PATHS"
92-->[:share] AndroidManifest.xml:14:17-67
93                android:resource="@xml/flutter_share_file_paths" />
93-->[:share] AndroidManifest.xml:15:17-65
94        </provider>
95
96        <uses-library
96-->[androidx.window:window:1.0.0-beta04] AndroidManifest.xml:25:9-27:40
97            android:name="androidx.window.extensions"
97-->[androidx.window:window:1.0.0-beta04] AndroidManifest.xml:26:13-54
98            android:required="false" />
98-->[androidx.window:window:1.0.0-beta04] AndroidManifest.xml:27:13-37
99        <uses-library
99-->[androidx.window:window:1.0.0-beta04] AndroidManifest.xml:28:9-30:40
100            android:name="androidx.window.sidecar"
100-->[androidx.window:window:1.0.0-beta04] AndroidManifest.xml:29:13-51
101            android:required="false" />
101-->[androidx.window:window:1.0.0-beta04] AndroidManifest.xml:30:13-37
102
103        <activity
103-->[com.google.firebase:firebase-auth:21.0.3] AndroidManifest.xml:27:9-44:20
104            android:name="com.google.firebase.auth.internal.GenericIdpActivity"
104-->[com.google.firebase:firebase-auth:21.0.3] AndroidManifest.xml:28:13-80
105            android:excludeFromRecents="true"
105-->[com.google.firebase:firebase-auth:21.0.3] AndroidManifest.xml:29:13-46
106            android:exported="true"
106-->[com.google.firebase:firebase-auth:21.0.3] AndroidManifest.xml:30:13-36
107            android:launchMode="singleTask"
107-->[com.google.firebase:firebase-auth:21.0.3] AndroidManifest.xml:31:13-44
108            android:theme="@android:style/Theme.Translucent.NoTitleBar" >
108-->[com.google.firebase:firebase-auth:21.0.3] AndroidManifest.xml:32:13-72
109            <intent-filter>
109-->[com.google.firebase:firebase-auth:21.0.3] AndroidManifest.xml:33:13-43:29
110                <action android:name="android.intent.action.VIEW" />
110-->[com.google.firebase:firebase-auth:21.0.3] AndroidManifest.xml:34:17-69
110-->[com.google.firebase:firebase-auth:21.0.3] AndroidManifest.xml:34:25-66
111
112                <category android:name="android.intent.category.DEFAULT" />
112-->[com.google.firebase:firebase-auth:21.0.3] AndroidManifest.xml:36:17-76
112-->[com.google.firebase:firebase-auth:21.0.3] AndroidManifest.xml:36:27-73
113                <category android:name="android.intent.category.BROWSABLE" />
113-->[com.google.firebase:firebase-auth:21.0.3] AndroidManifest.xml:37:17-78
113-->[com.google.firebase:firebase-auth:21.0.3] AndroidManifest.xml:37:27-75
114
115                <data
115-->[com.google.firebase:firebase-auth:21.0.3] AndroidManifest.xml:39:17-42:51
116                    android:host="firebase.auth"
116-->[com.google.firebase:firebase-auth:21.0.3] AndroidManifest.xml:40:21-49
117                    android:path="/"
117-->[com.google.firebase:firebase-auth:21.0.3] AndroidManifest.xml:41:21-37
118                    android:scheme="genericidp" />
118-->[com.google.firebase:firebase-auth:21.0.3] AndroidManifest.xml:42:21-48
119            </intent-filter>
120        </activity>
121        <activity
121-->[com.google.firebase:firebase-auth:21.0.3] AndroidManifest.xml:45:9-62:20
122            android:name="com.google.firebase.auth.internal.RecaptchaActivity"
122-->[com.google.firebase:firebase-auth:21.0.3] AndroidManifest.xml:46:13-79
123            android:excludeFromRecents="true"
123-->[com.google.firebase:firebase-auth:21.0.3] AndroidManifest.xml:47:13-46
124            android:exported="true"
124-->[com.google.firebase:firebase-auth:21.0.3] AndroidManifest.xml:48:13-36
125            android:launchMode="singleTask"
125-->[com.google.firebase:firebase-auth:21.0.3] AndroidManifest.xml:49:13-44
126            android:theme="@android:style/Theme.Translucent.NoTitleBar" >
126-->[com.google.firebase:firebase-auth:21.0.3] AndroidManifest.xml:50:13-72
127            <intent-filter>
127-->[com.google.firebase:firebase-auth:21.0.3] AndroidManifest.xml:51:13-61:29
128                <action android:name="android.intent.action.VIEW" />
128-->[com.google.firebase:firebase-auth:21.0.3] AndroidManifest.xml:34:17-69
128-->[com.google.firebase:firebase-auth:21.0.3] AndroidManifest.xml:34:25-66
129
130                <category android:name="android.intent.category.DEFAULT" />
130-->[com.google.firebase:firebase-auth:21.0.3] AndroidManifest.xml:36:17-76
130-->[com.google.firebase:firebase-auth:21.0.3] AndroidManifest.xml:36:27-73
131                <category android:name="android.intent.category.BROWSABLE" />
131-->[com.google.firebase:firebase-auth:21.0.3] AndroidManifest.xml:37:17-78
131-->[com.google.firebase:firebase-auth:21.0.3] AndroidManifest.xml:37:27-75
132
133                <data
133-->[com.google.firebase:firebase-auth:21.0.3] AndroidManifest.xml:39:17-42:51
134                    android:host="firebase.auth"
134-->[com.google.firebase:firebase-auth:21.0.3] AndroidManifest.xml:40:21-49
135                    android:path="/"
135-->[com.google.firebase:firebase-auth:21.0.3] AndroidManifest.xml:41:21-37
136                    android:scheme="recaptcha" />
136-->[com.google.firebase:firebase-auth:21.0.3] AndroidManifest.xml:42:21-48
137            </intent-filter>
138        </activity>
139
140        <provider
140-->[com.google.firebase:firebase-common:20.1.1] AndroidManifest.xml:26:9-31:39
141            android:name="com.google.firebase.provider.FirebaseInitProvider"
141-->[com.google.firebase:firebase-common:20.1.1] AndroidManifest.xml:27:13-77
142            android:authorities="com.example.my_library.firebaseinitprovider"
142-->[com.google.firebase:firebase-common:20.1.1] AndroidManifest.xml:28:13-72
143            android:directBootAware="true"
143-->[com.google.firebase:firebase-common:20.1.1] AndroidManifest.xml:29:13-43
144            android:exported="false"
144-->[com.google.firebase:firebase-common:20.1.1] AndroidManifest.xml:30:13-37
145            android:initOrder="100" />
145-->[com.google.firebase:firebase-common:20.1.1] AndroidManifest.xml:31:13-36
146
147        <activity
147-->[com.google.android.gms:play-services-base:18.0.1] AndroidManifest.xml:20:9-22:45
148            android:name="com.google.android.gms.common.api.GoogleApiActivity"
148-->[com.google.android.gms:play-services-base:18.0.1] AndroidManifest.xml:20:19-85
149            android:exported="false"
149-->[com.google.android.gms:play-services-base:18.0.1] AndroidManifest.xml:22:19-43
150            android:theme="@android:style/Theme.Translucent.NoTitleBar" />
150-->[com.google.android.gms:play-services-base:18.0.1] AndroidManifest.xml:21:19-78
151
152        <meta-data
152-->[com.google.android.gms:play-services-basement:18.0.0] AndroidManifest.xml:21:9-23:69
153            android:name="com.google.android.gms.version"
153-->[com.google.android.gms:play-services-basement:18.0.0] AndroidManifest.xml:22:13-58
154            android:value="@integer/google_play_services_version" />
154-->[com.google.android.gms:play-services-basement:18.0.0] AndroidManifest.xml:23:13-66
155    </application>
156
157</manifest>